<?xml version="1.0" encoding="UTF-8"?>
<!-- Generated by org.testng.reporters.JUnitReportReporter -->
<testsuite hostname="Chaitali" failures="0" tests="1" name="sdet.tests.LoginTest" time="19.715" errors="0" timestamp="2022-10-20T17:22:11 IST" skipped="0">
  <testcase classname="sdet.tests.LoginTest" name="ValidLogin" time="19.715"/>
  <system-out/>
</testsuite> <!-- sdet.tests.LoginTest -->
