<?xml version="1.0" encoding="UTF-8"?>
<!-- Generated by org.testng.reporters.JUnitReportReporter -->
<testsuite hostname="Chaitali" failures="0" tests="2" name="testing.LoginTest" time="32.906" errors="0" timestamp="2022-10-19T12:24:05 IST" skipped="0">
  <testcase classname="testing.LoginTest" name="ValidLogin" time="17.144"/>
  <system-out/>
  <testcase classname="testing.LoginTest" name="InvalidLogin" time="15.762"/>
  <system-out/>
</testsuite> <!-- testing.LoginTest -->
